<?xml version="1.0" encoding="UTF-8"?>
<!-- Generated by org.testng.reporters.JUnitXMLReporter -->
<testsuite hostname="Pintu-PC" ignored="0" name="Default test" tests="8" failures="0" timestamp="2022-10-19T12:11:48 IST" time="4.995" errors="0">
  <testcase name="ChecStatusLine" time="0.011" classname="ApiTestCases.TC1_GetUsers"/>
  <testcase name="CheckContentType" time="0.005" classname="ApiTestCases.TC1_GetUsers"/>
  <testcase name="CheckResponseBody" time="0.045" classname="ApiTestCases.TC1_GetUsers"/>
  <testcase name="CheckResponseTime" time="0.007" classname="ApiTestCases.TC1_GetUsers"/>
  <testcase name="CheckServerDetails" time="0.005" classname="ApiTestCases.TC1_GetUsers"/>
  <testcase name="CheckStatusCode" time="0.004" classname="ApiTestCases.TC1_GetUsers"/>
  <testcase name="CheckTransferEncoding" time="0.005" classname="ApiTestCases.TC1_GetUsers"/>
  <testcase name="verifyJsonBodyData" time="1.53" classname="ApiTestCases.TC1_GetUsers"/>
</testsuite> <!-- Default test -->
