<?xml version="1.0" encoding="UTF-8"?>
<!-- Generated by org.testng.reporters.JUnitXMLReporter -->
<testsuite hostname="Pintu-PC" ignored="0" name="Test" tests="24" failures="0" timestamp="2022-10-20T18:13:23 IST" time="6.65" errors="0">
  <testcase name="ChecStatusLine" time="0.009" classname="ApiTestCases.TC1_GetUsers"/>
  <testcase name="CheckContentType" time="0.002" classname="ApiTestCases.TC1_GetUsers"/>
  <testcase name="CheckResponseBody" time="0.05" classname="ApiTestCases.TC1_GetUsers"/>
  <testcase name="CheckResponseTime" time="0.004" classname="ApiTestCases.TC1_GetUsers"/>
  <testcase name="CheckServerDetails" time="0.003" classname="ApiTestCases.TC1_GetUsers"/>
  <testcase name="CheckStatusCode" time="0.002" classname="ApiTestCases.TC1_GetUsers"/>
  <testcase name="CheckTransferEncoding" time="0.001" classname="ApiTestCases.TC1_GetUsers"/>
  <testcase name="verifyJsonBodyData" time="1.568" classname="ApiTestCases.TC1_GetUsers"/>
  <testcase name="ChecStatusLine" time="0.006" classname="ApiTestCases.TC2_GetSingleUser"/>
  <testcase name="CheckContentType" time="0.003" classname="ApiTestCases.TC2_GetSingleUser"/>
  <testcase name="CheckResponseBody" time="0.004" classname="ApiTestCases.TC2_GetSingleUser"/>
  <testcase name="CheckResponseTime" time="0.003" classname="ApiTestCases.TC2_GetSingleUser"/>
  <testcase name="CheckServerDetails" time="0.003" classname="ApiTestCases.TC2_GetSingleUser"/>
  <testcase name="CheckStatusCode" time="0.002" classname="ApiTestCases.TC2_GetSingleUser"/>
  <testcase name="CheckTransferEncoding" time="0.003" classname="ApiTestCases.TC2_GetSingleUser"/>
  <testcase name="verifyJsonBodyData" time="0.178" classname="ApiTestCases.TC2_GetSingleUser"/>
  <testcase name="CheckResponseBody" time="0.003" classname="ApiTestCases.TC3_SingleUserNotFound"/>
  <testcase name="CheckStatusCode" time="0.002" classname="ApiTestCases.TC3_SingleUserNotFound"/>
  <testcase name="ChecStatusLine" time="0.003" classname="ApiTestCases.TC4_CreateNewUser"/>
  <testcase name="CheckContentType" time="0.003" classname="ApiTestCases.TC4_CreateNewUser"/>
  <testcase name="CheckResponseBody" time="0.004" classname="ApiTestCases.TC4_CreateNewUser"/>
  <testcase name="CheckResponseTime" time="0.002" classname="ApiTestCases.TC4_CreateNewUser"/>
  <testcase name="CheckServerDetails" time="0.002" classname="ApiTestCases.TC4_CreateNewUser"/>
  <testcase name="CheckStatusCode" time="0.002" classname="ApiTestCases.TC4_CreateNewUser"/>
</testsuite> <!-- Test -->
