<?xml version="1.0" encoding="UTF-8"?>
<!-- Generated by org.testng.reporters.JUnitXMLReporter -->
<testsuite hostname="Pintu-PC" ignored="0" name="Test" tests="8" failures="0" timestamp="2022-10-19T12:29:11 IST" time="5.185" errors="0">
  <testcase name="ChecStatusLine" time="0.012" classname="ApiTestCases.TC1_GetUsers"/>
  <testcase name="CheckContentType" time="0.003" classname="ApiTestCases.TC1_GetUsers"/>
  <testcase name="CheckResponseBody" time="0.053" classname="ApiTestCases.TC1_GetUsers"/>
  <testcase name="CheckResponseTime" time="0.006" classname="ApiTestCases.TC1_GetUsers"/>
  <testcase name="CheckServerDetails" time="0.003" classname="ApiTestCases.TC1_GetUsers"/>
  <testcase name="CheckStatusCode" time="0.003" classname="ApiTestCases.TC1_GetUsers"/>
  <testcase name="CheckTransferEncoding" time="0.002" classname="ApiTestCases.TC1_GetUsers"/>
  <testcase name="verifyJsonBodyData" time="1.471" classname="ApiTestCases.TC1_GetUsers"/>
</testsuite> <!-- Test -->
