<?xml version="1.0" encoding="UTF-8"?>
<testsuite xmlns:xsi="http://www.w3.org/2001/XMLSchema-instance" xsi:noNamespaceSchemaLocation="https://maven.apache.org/surefire/maven-surefire-plugin/xsd/surefire-test-report-3.0.xsd" version="3.0" name="TestSuite" time="9.056" tests="24" errors="0" skipped="0" failures="0">
  <properties>
[...]
</properties>
  <testcase name="ChecStatusLine" classname="ApiTestCases.TC1_GetUsers" time="0.012">
    <system-err><![CDATA[Oct 19, 2022 4:49:24 PM ApiTestCases.TC1_GetUsers GetUsers
INFO: TC1_GetUsers Test case to be executed
Oct 19, 2022 4:49:27 PM ApiTestCases.TC1_GetUsers ChecStatusLine
INFO: ***CheckStatusLine*****
Oct 19, 2022 4:49:27 PM ApiTestCases.TC1_GetUsers ChecStatusLine
INFO: Status Line==>HTTP/1.1 200 OK
]]></system-err>
  </testcase>
  <testcase name="CheckContentType" classname="ApiTestCases.TC1_GetUsers" time="0.019">
    <system-err><![CDATA[Oct 19, 2022 4:49:27 PM ApiTestCases.TC1_GetUsers CheckContentType
INFO: ***Check- Content-Type*****
Oct 19, 2022 4:49:27 PM ApiTestCases.TC1_GetUsers CheckContentType
INFO: Content Type==>application/json; charset=utf-8
]]></system-err>
  </testcase>
  <testcase name="CheckResponseBody" classname="ApiTestCases.TC1_GetUsers" time="0.024">
    <system-err><![CDATA[Oct 19, 2022 4:49:27 PM ApiTestCases.TC1_GetUsers CheckResponseBody
INFO: ****Checking ResponseBody****
Oct 19, 2022 4:49:27 PM ApiTestCases.TC1_GetUsers CheckResponseBody
INFO: Response Body==>{"page":2,"per_page":6,"total":12,"total_pages":2,"data":[{"id":7,"email":"michael.lawson@reqres.in","first_name":"Michael","last_name":"Lawson","avatar":"https://reqres.in/img/faces/7-image.jpg"},{"id":8,"email":"lindsay.ferguson@reqres.in","first_name":"Lindsay","last_name":"Ferguson","avatar":"https://reqres.in/img/faces/8-image.jpg"},{"id":9,"email":"tobias.funke@reqres.in","first_name":"Tobias","last_name":"Funke","avatar":"https://reqres.in/img/faces/9-image.jpg"},{"id":10,"email":"byron.fields@reqres.in","first_name":"Byron","last_name":"Fields","avatar":"https://reqres.in/img/faces/10-image.jpg"},{"id":11,"email":"george.edwards@reqres.in","first_name":"George","last_name":"Edwards","avatar":"https://reqres.in/img/faces/11-image.jpg"},{"id":12,"email":"rachel.howell@reqres.in","first_name":"Rachel","last_name":"Howell","avatar":"https://reqres.in/img/faces/12-image.jpg"}],"support":{"url":"https://reqres.in/#support-heading","text":"To keep ReqRes free, contributions towards server costs are appreciated!"}}
]]></system-err>
  </testcase>
  <testcase name="CheckResponseTime" classname="ApiTestCases.TC1_GetUsers" time="0.004">
    <system-err><![CDATA[Oct 19, 2022 4:49:27 PM ApiTestCases.TC1_GetUsers CheckResponseTime
INFO: ***CheckResponseTime*****
Oct 19, 2022 4:49:27 PM ApiTestCases.TC1_GetUsers CheckResponseTime
INFO: Response Time==>1505
]]></system-err>
  </testcase>
  <testcase name="CheckServerDetails" classname="ApiTestCases.TC1_GetUsers" time="0.004">
    <system-err><![CDATA[Oct 19, 2022 4:49:27 PM ApiTestCases.TC1_GetUsers CheckServerDetails
INFO: ***ServerDetails*****
Oct 19, 2022 4:49:27 PM ApiTestCases.TC1_GetUsers CheckServerDetails
INFO: Server Details==>cloudflare
]]></system-err>
  </testcase>
  <testcase name="CheckStatusCode" classname="ApiTestCases.TC1_GetUsers" time="0.006">
    <system-err><![CDATA[Oct 19, 2022 4:49:27 PM ApiTestCases.TC1_GetUsers CheckStatusCode
INFO: ***CheckingStatusCode*****
Oct 19, 2022 4:49:27 PM ApiTestCases.TC1_GetUsers CheckStatusCode
INFO: Status Code==>200
]]></system-err>
  </testcase>
  <testcase name="CheckTransferEncoding" classname="ApiTestCases.TC1_GetUsers" time="0.003">
    <system-err><![CDATA[Oct 19, 2022 4:49:27 PM ApiTestCases.TC1_GetUsers CheckTransferEncoding
INFO: ***CheckTransferEncoding*****
Oct 19, 2022 4:49:27 PM ApiTestCases.TC1_GetUsers CheckTransferEncoding
INFO: Transfer Encoding is==>chunked
]]></system-err>
  </testcase>
  <testcase name="verifyJsonBodyData" classname="ApiTestCases.TC1_GetUsers" time="1.604">
    <system-err><![CDATA[Oct 19, 2022 4:49:27 PM ApiTestCases.TC1_GetUsers verifyJsonBodyData
INFO: ** Verify the Data in Json Response*****
Oct 19, 2022 4:49:29 PM ApiTestCases.TC1_GetUsers verifyJsonBodyData
INFO: Email==>lindsay.ferguson@reqres.in
Oct 19, 2022 4:49:29 PM ApiTestCases.TC1_GetUsers verifyJsonBodyData
INFO: FirstName==>Lindsay
Oct 19, 2022 4:49:29 PM ApiTestCases.TC1_GetUsers verifyJsonBodyData
INFO: LastName==>Ferguson
Oct 19, 2022 4:49:29 PM ApiTestCases.TC1_GetUsers verifyJsonBodyData
INFO: AVATAR==>https://reqres.in/img/faces/8-image.jpg
]]></system-err>
  </testcase>
  <testcase name="ChecStatusLine" classname="ApiTestCases.TC2_GetSingleUser" time="0.003">
    <system-err><![CDATA[Oct 19, 2022 4:49:29 PM ApiTestCases.TC2_GetSingleUser GetUsers
INFO: TC2_GetSingleUser Test case to be executed
Oct 19, 2022 4:49:29 PM ApiTestCases.TC2_GetSingleUser ChecStatusLine
INFO: ***CheckStatusLine*****
Oct 19, 2022 4:49:29 PM ApiTestCases.TC2_GetSingleUser ChecStatusLine
INFO: Status Line==>HTTP/1.1 200 OK
]]></system-err>
  </testcase>
  <testcase name="CheckContentType" classname="ApiTestCases.TC2_GetSingleUser" time="0.035">
    <system-err><![CDATA[Oct 19, 2022 4:49:29 PM ApiTestCases.TC2_GetSingleUser CheckContentType
INFO: ***Check- Content-Type*****
Oct 19, 2022 4:49:29 PM ApiTestCases.TC2_GetSingleUser CheckContentType
INFO: Content Type==>application/json; charset=utf-8
]]></system-err>
  </testcase>
  <testcase name="CheckResponseBody" classname="ApiTestCases.TC2_GetSingleUser" time="0.001">
    <system-err><![CDATA[Oct 19, 2022 4:49:29 PM ApiTestCases.TC2_GetSingleUser CheckResponseBody
INFO: ****Checking ResponseBody****
Oct 19, 2022 4:49:29 PM ApiTestCases.TC2_GetSingleUser CheckResponseBody
INFO: Response Body==>{"data":{"id":2,"email":"janet.weaver@reqres.in","first_name":"Janet","last_name":"Weaver","avatar":"https://reqres.in/img/faces/2-image.jpg"},"support":{"url":"https://reqres.in/#support-heading","text":"To keep ReqRes free, contributions towards server costs are appreciated!"}}
]]></system-err>
  </testcase>
  <testcase name="CheckResponseTime" classname="ApiTestCases.TC2_GetSingleUser" time="0.001">
    <system-err><![CDATA[Oct 19, 2022 4:49:29 PM ApiTestCases.TC2_GetSingleUser CheckResponseTime
INFO: ***CheckResponseTime*****
Oct 19, 2022 4:49:29 PM ApiTestCases.TC2_GetSingleUser CheckResponseTime
INFO: Response Time==>87
]]></system-err>
  </testcase>
  <testcase name="CheckServerDetails" classname="ApiTestCases.TC2_GetSingleUser" time="0.04">
    <system-err><![CDATA[Oct 19, 2022 4:49:29 PM ApiTestCases.TC2_GetSingleUser CheckServerDetails
INFO: ***ServerDetails*****
Oct 19, 2022 4:49:29 PM ApiTestCases.TC2_GetSingleUser CheckServerDetails
INFO: Server Details==>cloudflare
]]></system-err>
  </testcase>
  <testcase name="CheckStatusCode" classname="ApiTestCases.TC2_GetSingleUser" time="0.001">
    <system-err><![CDATA[Oct 19, 2022 4:49:29 PM ApiTestCases.TC2_GetSingleUser CheckStatusCode
INFO: ***CheckingStatusCode*****
Oct 19, 2022 4:49:29 PM ApiTestCases.TC2_GetSingleUser CheckStatusCode
INFO: Status Code==>200
]]></system-err>
  </testcase>
  <testcase name="CheckTransferEncoding" classname="ApiTestCases.TC2_GetSingleUser" time="0">
    <system-err><![CDATA[Oct 19, 2022 4:49:29 PM ApiTestCases.TC2_GetSingleUser CheckTransferEncoding
INFO: ***CheckTransferEncoding*****
Oct 19, 2022 4:49:29 PM ApiTestCases.TC2_GetSingleUser CheckTransferEncoding
INFO: Transfer Encoding is==>chunked
]]></system-err>
  </testcase>
  <testcase name="verifyJsonBodyData" classname="ApiTestCases.TC2_GetSingleUser" time="0.174">
    <system-err><![CDATA[Oct 19, 2022 4:49:29 PM ApiTestCases.TC2_GetSingleUser verifyJsonBodyData
INFO: ** Verify the Data in Json Response*****
Oct 19, 2022 4:49:29 PM ApiTestCases.TC2_GetSingleUser verifyJsonBodyData
INFO: UserID==>2
Oct 19, 2022 4:49:29 PM ApiTestCases.TC2_GetSingleUser verifyJsonBodyData
INFO: Email==>janet.weaver@reqres.in
Oct 19, 2022 4:49:29 PM ApiTestCases.TC2_GetSingleUser verifyJsonBodyData
INFO: FirstName==>Janet
Oct 19, 2022 4:49:29 PM ApiTestCases.TC2_GetSingleUser verifyJsonBodyData
INFO: LastName==>Weaver
Oct 19, 2022 4:49:29 PM ApiTestCases.TC2_GetSingleUser verifyJsonBodyData
INFO: AVATAR==>https://reqres.in/img/faces/2-image.jpg
]]></system-err>
  </testcase>
  <testcase name="CheckResponseBody" classname="ApiTestCases.TC3_SingleUserNotFound" time="0.002">
    <system-err><![CDATA[Oct 19, 2022 4:49:29 PM ApiTestCases.TC3_SingleUserNotFound GetUsers
INFO: TC3_SingleUserNotFound Test case to be executed
Oct 19, 2022 4:49:30 PM ApiTestCases.TC3_SingleUserNotFound CheckResponseBody
INFO: ****Checking ResponseBody****
Oct 19, 2022 4:49:30 PM ApiTestCases.TC3_SingleUserNotFound CheckResponseBody
INFO: Response Body==>{}
]]></system-err>
  </testcase>
  <testcase name="CheckStatusCode" classname="ApiTestCases.TC3_SingleUserNotFound" time="0.001">
    <system-err><![CDATA[Oct 19, 2022 4:49:30 PM ApiTestCases.TC3_SingleUserNotFound CheckStatusCode
INFO: ***CheckingStatusCode*****
Oct 19, 2022 4:49:30 PM ApiTestCases.TC3_SingleUserNotFound CheckStatusCode
INFO: Status Code==>404
]]></system-err>
  </testcase>
  <testcase name="ChecStatusLine" classname="ApiTestCases.TC4_CreateNewUser" time="0.002">
    <system-err><![CDATA[Oct 19, 2022 4:49:30 PM ApiTestCases.TC4_CreateNewUser GetUsers
INFO: TC4_CreateNewUser Test case to be executed
Oct 19, 2022 4:49:30 PM ApiTestCases.TC4_CreateNewUser ChecStatusLine
INFO: ***CheckStatusLine*****
Oct 19, 2022 4:49:30 PM ApiTestCases.TC4_CreateNewUser ChecStatusLine
INFO: Status Line==>HTTP/1.1 201 Created
]]></system-err>
  </testcase>
  <testcase name="CheckContentType" classname="ApiTestCases.TC4_CreateNewUser" time="0.031">
    <system-err><![CDATA[Oct 19, 2022 4:49:30 PM ApiTestCases.TC4_CreateNewUser CheckContentType
INFO: ***Check- Content-Type*****
Oct 19, 2022 4:49:30 PM ApiTestCases.TC4_CreateNewUser CheckContentType
INFO: Content Type==>application/json; charset=utf-8
]]></system-err>
  </testcase>
  <testcase name="CheckResponseBody" classname="ApiTestCases.TC4_CreateNewUser" time="0.024">
    <system-err><![CDATA[Oct 19, 2022 4:49:30 PM ApiTestCases.TC4_CreateNewUser CheckResponseBody
INFO: ****Checking ResponseBody****
Oct 19, 2022 4:49:30 PM ApiTestCases.TC4_CreateNewUser CheckResponseBody
INFO: Response Body==>{"name":"ApiRestntU","job":"ApiRestLeaderby","id":"271","createdAt":"2022-10-19T11:19:33.269Z"}
]]></system-err>
  </testcase>
  <testcase name="CheckResponseTime" classname="ApiTestCases.TC4_CreateNewUser" time="0.001">
    <system-err><![CDATA[Oct 19, 2022 4:49:30 PM ApiTestCases.TC4_CreateNewUser CheckResponseTime
INFO: ***CheckResponseTime*****
Oct 19, 2022 4:49:30 PM ApiTestCases.TC4_CreateNewUser CheckResponseTime
INFO: Response Time==>439
]]></system-err>
  </testcase>
  <testcase name="CheckServerDetails" classname="ApiTestCases.TC4_CreateNewUser" time="0.001">
    <system-err><![CDATA[Oct 19, 2022 4:49:30 PM ApiTestCases.TC4_CreateNewUser CheckServerDetails
INFO: ***ServerDetails*****
Oct 19, 2022 4:49:30 PM ApiTestCases.TC4_CreateNewUser CheckServerDetails
INFO: Server Details==>cloudflare
]]></system-err>
  </testcase>
  <testcase name="CheckStatusCode" classname="ApiTestCases.TC4_CreateNewUser" time="0">
    <system-err><![CDATA[Oct 19, 2022 4:49:30 PM ApiTestCases.TC4_CreateNewUser CheckStatusCode
INFO: ***CheckingStatusCode*****
Oct 19, 2022 4:49:30 PM ApiTestCases.TC4_CreateNewUser CheckStatusCode
INFO: Status Code==>201
]]></system-err>
  </testcase>
</testsuite>