<?xml version="1.0" encoding="UTF-8"?>
<testsuite xmlns:xsi="http://www.w3.org/2001/XMLSchema-instance" xsi:noNamespaceSchemaLocation="https://maven.apache.org/surefire/maven-surefire-plugin/xsd/surefire-test-report-3.0.xsd" version="3.0" name="TestSuite" time="12.571" tests="66" errors="0" skipped="0" failures="0">
  <properties>
[...]
</properties>
  <testcase name="ChecStatusLine" classname="ApiTestCases.TC1_GetUsers" time="0.009">
    <system-err><![CDATA[Oct 22, 2022 11:29:13 AM ApiTestCases.TC1_GetUsers GetUsers
INFO: TC1_GetUsers Test case to be executed
Oct 22, 2022 11:29:16 AM ApiTestCases.TC1_GetUsers ChecStatusLine
INFO: ***CheckStatusLine*****
Oct 22, 2022 11:29:16 AM ApiTestCases.TC1_GetUsers ChecStatusLine
INFO: Status Line==>HTTP/1.1 200 OK
]]></system-err>
  </testcase>
  <testcase name="CheckContentType" classname="ApiTestCases.TC1_GetUsers" time="0.001">
    <system-err><![CDATA[Oct 22, 2022 11:29:16 AM ApiTestCases.TC1_GetUsers CheckContentType
INFO: ***Check- Content-Type*****
Oct 22, 2022 11:29:16 AM ApiTestCases.TC1_GetUsers CheckContentType
INFO: Content Type==>application/json; charset=utf-8
]]></system-err>
  </testcase>
  <testcase name="CheckResponseBody" classname="ApiTestCases.TC1_GetUsers" time="0.043">
    <system-err><![CDATA[Oct 22, 2022 11:29:16 AM ApiTestCases.TC1_GetUsers CheckResponseBody
INFO: ****Checking ResponseBody****
Oct 22, 2022 11:29:16 AM ApiTestCases.TC1_GetUsers CheckResponseBody
INFO: Response Body==>{"page":2,"per_page":6,"total":12,"total_pages":2,"data":[{"id":7,"email":"michael.lawson@reqres.in","first_name":"Michael","last_name":"Lawson","avatar":"https://reqres.in/img/faces/7-image.jpg"},{"id":8,"email":"lindsay.ferguson@reqres.in","first_name":"Lindsay","last_name":"Ferguson","avatar":"https://reqres.in/img/faces/8-image.jpg"},{"id":9,"email":"tobias.funke@reqres.in","first_name":"Tobias","last_name":"Funke","avatar":"https://reqres.in/img/faces/9-image.jpg"},{"id":10,"email":"byron.fields@reqres.in","first_name":"Byron","last_name":"Fields","avatar":"https://reqres.in/img/faces/10-image.jpg"},{"id":11,"email":"george.edwards@reqres.in","first_name":"George","last_name":"Edwards","avatar":"https://reqres.in/img/faces/11-image.jpg"},{"id":12,"email":"rachel.howell@reqres.in","first_name":"Rachel","last_name":"Howell","avatar":"https://reqres.in/img/faces/12-image.jpg"}],"support":{"url":"https://reqres.in/#support-heading","text":"To keep ReqRes free, contributions towards server costs are appreciated!"}}
]]></system-err>
  </testcase>
  <testcase name="CheckResponseTime" classname="ApiTestCases.TC1_GetUsers" time="0.001">
    <system-err><![CDATA[Oct 22, 2022 11:29:16 AM ApiTestCases.TC1_GetUsers CheckResponseTime
INFO: ***CheckResponseTime*****
Oct 22, 2022 11:29:16 AM ApiTestCases.TC1_GetUsers CheckResponseTime
INFO: Response Time==>1531
]]></system-err>
  </testcase>
  <testcase name="CheckServerDetails" classname="ApiTestCases.TC1_GetUsers" time="0.003">
    <system-err><![CDATA[Oct 22, 2022 11:29:16 AM ApiTestCases.TC1_GetUsers CheckServerDetails
INFO: ***ServerDetails*****
Oct 22, 2022 11:29:16 AM ApiTestCases.TC1_GetUsers CheckServerDetails
INFO: Server Details==>cloudflare
]]></system-err>
  </testcase>
  <testcase name="CheckStatusCode" classname="ApiTestCases.TC1_GetUsers" time="0.008">
    <system-err><![CDATA[Oct 22, 2022 11:29:16 AM ApiTestCases.TC1_GetUsers CheckStatusCode
INFO: ***CheckingStatusCode*****
Oct 22, 2022 11:29:16 AM ApiTestCases.TC1_GetUsers CheckStatusCode
INFO: Status Code==>200
]]></system-err>
  </testcase>
  <testcase name="CheckTransferEncoding" classname="ApiTestCases.TC1_GetUsers" time="0">
    <system-err><![CDATA[Oct 22, 2022 11:29:16 AM ApiTestCases.TC1_GetUsers CheckTransferEncoding
INFO: ***CheckTransferEncoding*****
Oct 22, 2022 11:29:16 AM ApiTestCases.TC1_GetUsers CheckTransferEncoding
INFO: Transfer Encoding is==>chunked
]]></system-err>
  </testcase>
  <testcase name="verifyJsonBodyData" classname="ApiTestCases.TC1_GetUsers" time="1.604">
    <system-err><![CDATA[Oct 22, 2022 11:29:16 AM ApiTestCases.TC1_GetUsers verifyJsonBodyData
INFO: ** Verify the Data in Json Response*****
Oct 22, 2022 11:29:18 AM ApiTestCases.TC1_GetUsers verifyJsonBodyData
INFO: Email==>lindsay.ferguson@reqres.in
Oct 22, 2022 11:29:18 AM ApiTestCases.TC1_GetUsers verifyJsonBodyData
INFO: FirstName==>Lindsay
Oct 22, 2022 11:29:18 AM ApiTestCases.TC1_GetUsers verifyJsonBodyData
INFO: LastName==>Ferguson
Oct 22, 2022 11:29:18 AM ApiTestCases.TC1_GetUsers verifyJsonBodyData
INFO: AVATAR==>https://reqres.in/img/faces/8-image.jpg
]]></system-err>
  </testcase>
  <testcase name="ChecStatusLine" classname="ApiTestCases.TC2_GetSingleUser" time="0.002">
    <system-err><![CDATA[Oct 22, 2022 11:29:18 AM ApiTestCases.TC2_GetSingleUser GetUsers
INFO: TC2_GetSingleUser Test case to be executed
Oct 22, 2022 11:29:18 AM ApiTestCases.TC2_GetSingleUser ChecStatusLine
INFO: ***CheckStatusLine*****
Oct 22, 2022 11:29:18 AM ApiTestCases.TC2_GetSingleUser ChecStatusLine
INFO: Status Line==>HTTP/1.1 200 OK
]]></system-err>
  </testcase>
  <testcase name="CheckContentType" classname="ApiTestCases.TC2_GetSingleUser" time="0.012">
    <system-err><![CDATA[Oct 22, 2022 11:29:18 AM ApiTestCases.TC2_GetSingleUser CheckContentType
INFO: ***Check- Content-Type*****
Oct 22, 2022 11:29:18 AM ApiTestCases.TC2_GetSingleUser CheckContentType
INFO: Content Type==>application/json; charset=utf-8
]]></system-err>
  </testcase>
  <testcase name="CheckResponseBody" classname="ApiTestCases.TC2_GetSingleUser" time="0.001">
    <system-err><![CDATA[Oct 22, 2022 11:29:18 AM ApiTestCases.TC2_GetSingleUser CheckResponseBody
INFO: ****Checking ResponseBody****
Oct 22, 2022 11:29:18 AM ApiTestCases.TC2_GetSingleUser CheckResponseBody
INFO: Response Body==>{"data":{"id":2,"email":"janet.weaver@reqres.in","first_name":"Janet","last_name":"Weaver","avatar":"https://reqres.in/img/faces/2-image.jpg"},"support":{"url":"https://reqres.in/#support-heading","text":"To keep ReqRes free, contributions towards server costs are appreciated!"}}
]]></system-err>
  </testcase>
  <testcase name="CheckResponseTime" classname="ApiTestCases.TC2_GetSingleUser" time="0">
    <system-err><![CDATA[Oct 22, 2022 11:29:18 AM ApiTestCases.TC2_GetSingleUser CheckResponseTime
INFO: ***CheckResponseTime*****
Oct 22, 2022 11:29:18 AM ApiTestCases.TC2_GetSingleUser CheckResponseTime
INFO: Response Time==>159
]]></system-err>
  </testcase>
  <testcase name="CheckServerDetails" classname="ApiTestCases.TC2_GetSingleUser" time="0.002">
    <system-err><![CDATA[Oct 22, 2022 11:29:18 AM ApiTestCases.TC2_GetSingleUser CheckServerDetails
INFO: ***ServerDetails*****
Oct 22, 2022 11:29:18 AM ApiTestCases.TC2_GetSingleUser CheckServerDetails
INFO: Server Details==>cloudflare
]]></system-err>
  </testcase>
  <testcase name="CheckStatusCode" classname="ApiTestCases.TC2_GetSingleUser" time="0.001">
    <system-err><![CDATA[Oct 22, 2022 11:29:18 AM ApiTestCases.TC2_GetSingleUser CheckStatusCode
INFO: ***CheckingStatusCode*****
Oct 22, 2022 11:29:18 AM ApiTestCases.TC2_GetSingleUser CheckStatusCode
INFO: Status Code==>200
]]></system-err>
  </testcase>
  <testcase name="CheckTransferEncoding" classname="ApiTestCases.TC2_GetSingleUser" time="0.002">
    <system-err><![CDATA[Oct 22, 2022 11:29:18 AM ApiTestCases.TC2_GetSingleUser CheckTransferEncoding
INFO: ***CheckTransferEncoding*****
Oct 22, 2022 11:29:18 AM ApiTestCases.TC2_GetSingleUser CheckTransferEncoding
INFO: Transfer Encoding is==>chunked
]]></system-err>
  </testcase>
  <testcase name="verifyJsonBodyData" classname="ApiTestCases.TC2_GetSingleUser" time="0.285">
    <system-err><![CDATA[Oct 22, 2022 11:29:18 AM ApiTestCases.TC2_GetSingleUser verifyJsonBodyData
INFO: ** Verify the Data in Json Response*****
Oct 22, 2022 11:29:18 AM ApiTestCases.TC2_GetSingleUser verifyJsonBodyData
INFO: UserID==>2
Oct 22, 2022 11:29:18 AM ApiTestCases.TC2_GetSingleUser verifyJsonBodyData
INFO: Email==>janet.weaver@reqres.in
Oct 22, 2022 11:29:18 AM ApiTestCases.TC2_GetSingleUser verifyJsonBodyData
INFO: FirstName==>Janet
Oct 22, 2022 11:29:19 AM ApiTestCases.TC2_GetSingleUser verifyJsonBodyData
INFO: LastName==>Weaver
Oct 22, 2022 11:29:19 AM ApiTestCases.TC2_GetSingleUser verifyJsonBodyData
INFO: AVATAR==>https://reqres.in/img/faces/2-image.jpg
]]></system-err>
  </testcase>
  <testcase name="CheckResponseBody" classname="ApiTestCases.TC3_SingleUserNotFound" time="0.005">
    <system-err><![CDATA[Oct 22, 2022 11:29:19 AM ApiTestCases.TC3_SingleUserNotFound GetUsers
INFO: TC3_SingleUserNotFound Test case to be executed
Oct 22, 2022 11:29:19 AM ApiTestCases.TC3_SingleUserNotFound CheckResponseBody
INFO: ****Checking ResponseBody****
Oct 22, 2022 11:29:19 AM ApiTestCases.TC3_SingleUserNotFound CheckResponseBody
INFO: Response Body==>{}
]]></system-err>
  </testcase>
  <testcase name="CheckStatusCode" classname="ApiTestCases.TC3_SingleUserNotFound" time="0.003">
    <system-err><![CDATA[Oct 22, 2022 11:29:19 AM ApiTestCases.TC3_SingleUserNotFound CheckStatusCode
INFO: ***CheckingStatusCode*****
Oct 22, 2022 11:29:19 AM ApiTestCases.TC3_SingleUserNotFound CheckStatusCode
INFO: Status Code==>404
]]></system-err>
  </testcase>
  <testcase name="ChecStatusLine" classname="ApiTestCases.TC4_CreateNewUser" time="0">
    <system-err><![CDATA[Oct 22, 2022 11:29:19 AM ApiTestCases.TC4_CreateNewUser GetUsers
INFO: TC4_CreateNewUser Test case to be executed
Oct 22, 2022 11:29:20 AM ApiTestCases.TC4_CreateNewUser ChecStatusLine
INFO: ***CheckStatusLine*****
Oct 22, 2022 11:29:20 AM ApiTestCases.TC4_CreateNewUser ChecStatusLine
INFO: Status Line==>HTTP/1.1 201 Created
]]></system-err>
  </testcase>
  <testcase name="CheckContentType" classname="ApiTestCases.TC4_CreateNewUser" time="0.001">
    <system-err><![CDATA[Oct 22, 2022 11:29:20 AM ApiTestCases.TC4_CreateNewUser CheckContentType
INFO: ***Check- Content-Type*****
Oct 22, 2022 11:29:20 AM ApiTestCases.TC4_CreateNewUser CheckContentType
INFO: Content Type==>application/json; charset=utf-8
]]></system-err>
  </testcase>
  <testcase name="CheckResponseBody" classname="ApiTestCases.TC4_CreateNewUser" time="0">
    <system-err><![CDATA[Oct 22, 2022 11:29:20 AM ApiTestCases.TC4_CreateNewUser CheckResponseBody
INFO: ****Checking ResponseBody****
Oct 22, 2022 11:29:20 AM ApiTestCases.TC4_CreateNewUser CheckResponseBody
INFO: Response Body==>{"name":"ApiRestSXW","job":"ApiRestLeadercd","id":"15","createdAt":"2022-10-22T05:59:22.947Z"}
]]></system-err>
  </testcase>
  <testcase name="CheckResponseTime" classname="ApiTestCases.TC4_CreateNewUser" time="0">
    <system-err><![CDATA[Oct 22, 2022 11:29:20 AM ApiTestCases.TC4_CreateNewUser CheckResponseTime
INFO: ***CheckResponseTime*****
Oct 22, 2022 11:29:20 AM ApiTestCases.TC4_CreateNewUser CheckResponseTime
INFO: Response Time==>474
]]></system-err>
  </testcase>
  <testcase name="CheckServerDetails" classname="ApiTestCases.TC4_CreateNewUser" time="0.001">
    <system-err><![CDATA[Oct 22, 2022 11:29:20 AM ApiTestCases.TC4_CreateNewUser CheckServerDetails
INFO: ***ServerDetails*****
Oct 22, 2022 11:29:20 AM ApiTestCases.TC4_CreateNewUser CheckServerDetails
INFO: Server Details==>cloudflare
]]></system-err>
  </testcase>
  <testcase name="CheckStatusCode" classname="ApiTestCases.TC4_CreateNewUser" time="0">
    <system-err><![CDATA[Oct 22, 2022 11:29:20 AM ApiTestCases.TC4_CreateNewUser CheckStatusCode
INFO: ***CheckingStatusCode*****
Oct 22, 2022 11:29:20 AM ApiTestCases.TC4_CreateNewUser CheckStatusCode
INFO: Status Code==>201
]]></system-err>
  </testcase>
  <testcase name="ChecStatusLine" classname="ApiTestCases.TC5_PostRegisterSuccessfully" time="0.03">
    <system-err><![CDATA[Oct 22, 2022 11:29:20 AM ApiTestCases.TC5_PostRegisterSuccessfully UserRegisteredSuccessFully
INFO: TC5_PostRequest-RegisteredSuccessfully Test case to be executed
Oct 22, 2022 11:29:20 AM ApiTestCases.TC5_PostRegisterSuccessfully ChecStatusLine
INFO: ***CheckStatusLine*****
Oct 22, 2022 11:29:20 AM ApiTestCases.TC5_PostRegisterSuccessfully ChecStatusLine
INFO: Status Line==>HTTP/1.1 200 OK
]]></system-err>
  </testcase>
  <testcase name="CheckContentType" classname="ApiTestCases.TC5_PostRegisterSuccessfully" time="0.001">
    <system-err><![CDATA[Oct 22, 2022 11:29:20 AM ApiTestCases.TC5_PostRegisterSuccessfully CheckContentType
INFO: ***Check- Content-Type*****
Oct 22, 2022 11:29:20 AM ApiTestCases.TC5_PostRegisterSuccessfully CheckContentType
INFO: Content Type==>application/json; charset=utf-8
]]></system-err>
  </testcase>
  <testcase name="CheckResponseBody" classname="ApiTestCases.TC5_PostRegisterSuccessfully" time="0.001">
    <system-err><![CDATA[Oct 22, 2022 11:29:20 AM ApiTestCases.TC5_PostRegisterSuccessfully CheckResponseBody
INFO: ****Checking ResponseBody****
Oct 22, 2022 11:29:20 AM ApiTestCases.TC5_PostRegisterSuccessfully CheckResponseBody
INFO: Response Body==>{"id":4,"token":"QpwL5tke4Pnpja7X4"}
]]></system-err>
  </testcase>
  <testcase name="CheckResponseTime" classname="ApiTestCases.TC5_PostRegisterSuccessfully" time="0.001">
    <system-err><![CDATA[Oct 22, 2022 11:29:20 AM ApiTestCases.TC5_PostRegisterSuccessfully CheckResponseTime
INFO: ***CheckResponseTime*****
Oct 22, 2022 11:29:20 AM ApiTestCases.TC5_PostRegisterSuccessfully CheckResponseTime
INFO: Response Time==>658
]]></system-err>
  </testcase>
  <testcase name="CheckServerDetails" classname="ApiTestCases.TC5_PostRegisterSuccessfully" time="0.005">
    <system-err><![CDATA[Oct 22, 2022 11:29:20 AM ApiTestCases.TC5_PostRegisterSuccessfully CheckServerDetails
INFO: ***ServerDetails*****
Oct 22, 2022 11:29:20 AM ApiTestCases.TC5_PostRegisterSuccessfully CheckServerDetails
INFO: Server Details==>cloudflare
]]></system-err>
  </testcase>
  <testcase name="CheckStatusCode" classname="ApiTestCases.TC5_PostRegisterSuccessfully" time="0.001">
    <system-err><![CDATA[Oct 22, 2022 11:29:20 AM ApiTestCases.TC5_PostRegisterSuccessfully CheckStatusCode
INFO: ***CheckingStatusCode*****
Oct 22, 2022 11:29:20 AM ApiTestCases.TC5_PostRegisterSuccessfully CheckStatusCode
INFO: Status Code==>200
]]></system-err>
  </testcase>
  <testcase name="verifyJsonBodyData" classname="ApiTestCases.TC5_PostRegisterSuccessfully" time="0.033">
    <system-err><![CDATA[Oct 22, 2022 11:29:20 AM ApiTestCases.TC5_PostRegisterSuccessfully verifyJsonBodyData
INFO: ** Verify the Data in Json Response*****
Oct 22, 2022 11:29:20 AM ApiTestCases.TC5_PostRegisterSuccessfully verifyJsonBodyData
INFO: The New ID==>4
Oct 22, 2022 11:29:20 AM ApiTestCases.TC5_PostRegisterSuccessfully verifyJsonBodyData
INFO: Token of the Response==>QpwL5tke4Pnpja7X4
]]></system-err>
  </testcase>
  <testcase name="ChecStatusLine" classname="ApiTestCases.TC6_PostRegisterUnsuccessfull" time="0.001">
    <system-err><![CDATA[Oct 22, 2022 11:29:20 AM ApiTestCases.TC6_PostRegisterUnsuccessfull RegisterUnsucessfull
INFO: TC6_PostRequest-RegisterUnsucessfull Test case to be executed
Oct 22, 2022 11:29:21 AM ApiTestCases.TC6_PostRegisterUnsuccessfull ChecStatusLine
INFO: ***CheckStatusLine*****
Oct 22, 2022 11:29:21 AM ApiTestCases.TC6_PostRegisterUnsuccessfull ChecStatusLine
INFO: Status Line==>HTTP/1.1 400 Bad Request
]]></system-err>
  </testcase>
  <testcase name="CheckContentType" classname="ApiTestCases.TC6_PostRegisterUnsuccessfull" time="0.001">
    <system-err><![CDATA[Oct 22, 2022 11:29:21 AM ApiTestCases.TC6_PostRegisterUnsuccessfull CheckContentType
INFO: ***Check- Content-Type*****
Oct 22, 2022 11:29:21 AM ApiTestCases.TC6_PostRegisterUnsuccessfull CheckContentType
INFO: Content Type==>application/json; charset=utf-8
]]></system-err>
  </testcase>
  <testcase name="CheckResponseBody" classname="ApiTestCases.TC6_PostRegisterUnsuccessfull" time="0">
    <system-err><![CDATA[Oct 22, 2022 11:29:21 AM ApiTestCases.TC6_PostRegisterUnsuccessfull CheckResponseBody
INFO: ****Checking ResponseBody****
Oct 22, 2022 11:29:21 AM ApiTestCases.TC6_PostRegisterUnsuccessfull CheckResponseBody
INFO: Response Body==>{"error":"Missing password"}
]]></system-err>
  </testcase>
  <testcase name="CheckResponseTime" classname="ApiTestCases.TC6_PostRegisterUnsuccessfull" time="0.001">
    <system-err><![CDATA[Oct 22, 2022 11:29:21 AM ApiTestCases.TC6_PostRegisterUnsuccessfull CheckResponseTime
INFO: ***CheckResponseTime*****
Oct 22, 2022 11:29:21 AM ApiTestCases.TC6_PostRegisterUnsuccessfull CheckResponseTime
INFO: Response Time==>358
]]></system-err>
  </testcase>
  <testcase name="CheckServerDetails" classname="ApiTestCases.TC6_PostRegisterUnsuccessfull" time="0">
    <system-err><![CDATA[Oct 22, 2022 11:29:21 AM ApiTestCases.TC6_PostRegisterUnsuccessfull CheckServerDetails
INFO: ***ServerDetails*****
Oct 22, 2022 11:29:21 AM ApiTestCases.TC6_PostRegisterUnsuccessfull CheckServerDetails
INFO: Server Details==>cloudflare
]]></system-err>
  </testcase>
  <testcase name="CheckStatusCode" classname="ApiTestCases.TC6_PostRegisterUnsuccessfull" time="0.001">
    <system-err><![CDATA[Oct 22, 2022 11:29:21 AM ApiTestCases.TC6_PostRegisterUnsuccessfull CheckStatusCode
INFO: ***CheckingStatusCode*****
Oct 22, 2022 11:29:21 AM ApiTestCases.TC6_PostRegisterUnsuccessfull CheckStatusCode
INFO: Status Code==>400
]]></system-err>
  </testcase>
  <testcase name="verifyJsonBodyData" classname="ApiTestCases.TC6_PostRegisterUnsuccessfull" time="0.08">
    <system-err><![CDATA[Oct 22, 2022 11:29:21 AM ApiTestCases.TC6_PostRegisterUnsuccessfull verifyJsonBodyData
INFO: ** Verify the Data in Json Response*****
Oct 22, 2022 11:29:21 AM ApiTestCases.TC6_PostRegisterUnsuccessfull verifyJsonBodyData
INFO: Error on the Response==>Missing password
]]></system-err>
  </testcase>
  <testcase name="ChecStatusLine" classname="ApiTestCases.TC7_PutRequestForUpdate" time="0.001">
    <system-err><![CDATA[Oct 22, 2022 11:29:21 AM ApiTestCases.TC7_PutRequestForUpdate GetUsers
INFO: TC7_PutRequset Test case to be executed
Oct 22, 2022 11:29:21 AM ApiTestCases.TC7_PutRequestForUpdate ChecStatusLine
INFO: ***CheckStatusLine*****
Oct 22, 2022 11:29:21 AM ApiTestCases.TC7_PutRequestForUpdate ChecStatusLine
INFO: Status Line==>HTTP/1.1 200 OK
]]></system-err>
  </testcase>
  <testcase name="CheckContentType" classname="ApiTestCases.TC7_PutRequestForUpdate" time="0.02">
    <system-err><![CDATA[Oct 22, 2022 11:29:21 AM ApiTestCases.TC7_PutRequestForUpdate CheckContentType
INFO: ***Check- Content-Type*****
Oct 22, 2022 11:29:21 AM ApiTestCases.TC7_PutRequestForUpdate CheckContentType
INFO: Content Type==>application/json; charset=utf-8
]]></system-err>
  </testcase>
  <testcase name="CheckResponseBody" classname="ApiTestCases.TC7_PutRequestForUpdate" time="0.085">
    <system-err><![CDATA[Oct 22, 2022 11:29:21 AM ApiTestCases.TC7_PutRequestForUpdate CheckResponseBody
INFO: ****Checking ResponseBody****
Oct 22, 2022 11:29:21 AM ApiTestCases.TC7_PutRequestForUpdate CheckResponseBody
INFO: Response Body==>{"name":"morpheus","job":"zion resident","updatedAt":"2022-10-22T05:59:24.591Z"}
]]></system-err>
  </testcase>
  <testcase name="CheckResponseTime" classname="ApiTestCases.TC7_PutRequestForUpdate" time="0.001">
    <system-err><![CDATA[Oct 22, 2022 11:29:21 AM ApiTestCases.TC7_PutRequestForUpdate CheckResponseTime
INFO: ***CheckResponseTime*****
Oct 22, 2022 11:29:21 AM ApiTestCases.TC7_PutRequestForUpdate CheckResponseTime
INFO: Response Time==>397
]]></system-err>
  </testcase>
  <testcase name="CheckServerDetails" classname="ApiTestCases.TC7_PutRequestForUpdate" time="0.001">
    <system-err><![CDATA[Oct 22, 2022 11:29:21 AM ApiTestCases.TC7_PutRequestForUpdate CheckServerDetails
INFO: ***ServerDetails*****
Oct 22, 2022 11:29:21 AM ApiTestCases.TC7_PutRequestForUpdate CheckServerDetails
INFO: Server Details==>cloudflare
]]></system-err>
  </testcase>
  <testcase name="CheckStatusCode" classname="ApiTestCases.TC7_PutRequestForUpdate" time="0.001">
    <system-err><![CDATA[Oct 22, 2022 11:29:21 AM ApiTestCases.TC7_PutRequestForUpdate CheckStatusCode
INFO: ***CheckingStatusCode*****
Oct 22, 2022 11:29:21 AM ApiTestCases.TC7_PutRequestForUpdate CheckStatusCode
INFO: Status Code==>200
]]></system-err>
  </testcase>
  <testcase name="verifyJsonBodyData" classname="ApiTestCases.TC7_PutRequestForUpdate" time="0.004">
    <system-err><![CDATA[Oct 22, 2022 11:29:21 AM ApiTestCases.TC7_PutRequestForUpdate verifyJsonBodyData
INFO: ** Verify the Data in Json Response*****
Oct 22, 2022 11:29:21 AM ApiTestCases.TC7_PutRequestForUpdate verifyJsonBodyData
INFO: Name on the Response==>morpheus
Oct 22, 2022 11:29:21 AM ApiTestCases.TC7_PutRequestForUpdate verifyJsonBodyData
INFO:  Job Name on the Response==>zion resident
Oct 22, 2022 11:29:21 AM ApiTestCases.TC7_PutRequestForUpdate verifyJsonBodyData
INFO:  updatedAt on the Response==>2022-10-22T05:59:24.591Z
]]></system-err>
  </testcase>
  <testcase name="ChecStatusLine" classname="ApiTestCases.TC8_PatchRequest" time="0.002">
    <system-err><![CDATA[Oct 22, 2022 11:29:21 AM ApiTestCases.TC8_PatchRequest GetUsers
INFO: TC7_PutRequset Test case to be executed
Oct 22, 2022 11:29:22 AM ApiTestCases.TC8_PatchRequest ChecStatusLine
INFO: ***CheckStatusLine*****
Oct 22, 2022 11:29:22 AM ApiTestCases.TC8_PatchRequest ChecStatusLine
INFO: Status Line==>HTTP/1.1 200 OK
]]></system-err>
  </testcase>
  <testcase name="CheckContentType" classname="ApiTestCases.TC8_PatchRequest" time="0.007">
    <system-err><![CDATA[Oct 22, 2022 11:29:22 AM ApiTestCases.TC8_PatchRequest CheckContentType
INFO: ***Check- Content-Type*****
Oct 22, 2022 11:29:22 AM ApiTestCases.TC8_PatchRequest CheckContentType
INFO: Content Type==>application/json; charset=utf-8
]]></system-err>
  </testcase>
  <testcase name="CheckResponseBody" classname="ApiTestCases.TC8_PatchRequest" time="0.002">
    <system-err><![CDATA[Oct 22, 2022 11:29:22 AM ApiTestCases.TC8_PatchRequest CheckResponseBody
INFO: ****Checking ResponseBody****
Oct 22, 2022 11:29:22 AM ApiTestCases.TC8_PatchRequest CheckResponseBody
INFO: Response Body==>{"name":"morpheus","job":"zion resident","updatedAt":"2022-10-22T05:59:25.122Z"}
]]></system-err>
  </testcase>
  <testcase name="CheckResponseTime" classname="ApiTestCases.TC8_PatchRequest" time="0.002">
    <system-err><![CDATA[Oct 22, 2022 11:29:22 AM ApiTestCases.TC8_PatchRequest CheckResponseTime
INFO: ***CheckResponseTime*****
Oct 22, 2022 11:29:22 AM ApiTestCases.TC8_PatchRequest CheckResponseTime
INFO: Response Time==>397
]]></system-err>
  </testcase>
  <testcase name="CheckServerDetails" classname="ApiTestCases.TC8_PatchRequest" time="0.002">
    <system-err><![CDATA[Oct 22, 2022 11:29:22 AM ApiTestCases.TC8_PatchRequest CheckServerDetails
INFO: ***ServerDetails*****
Oct 22, 2022 11:29:22 AM ApiTestCases.TC8_PatchRequest CheckServerDetails
INFO: Server Details==>cloudflare
]]></system-err>
  </testcase>
  <testcase name="CheckStatusCode" classname="ApiTestCases.TC8_PatchRequest" time="0.002">
    <system-err><![CDATA[Oct 22, 2022 11:29:22 AM ApiTestCases.TC8_PatchRequest CheckStatusCode
INFO: ***CheckingStatusCode*****
Oct 22, 2022 11:29:22 AM ApiTestCases.TC8_PatchRequest CheckStatusCode
INFO: Status Code==>200
]]></system-err>
  </testcase>
  <testcase name="verifyJsonBodyData" classname="ApiTestCases.TC8_PatchRequest" time="0.074">
    <system-err><![CDATA[Oct 22, 2022 11:29:22 AM ApiTestCases.TC8_PatchRequest verifyJsonBodyData
INFO: ** Verify the Data in Json Response*****
Oct 22, 2022 11:29:22 AM ApiTestCases.TC8_PatchRequest verifyJsonBodyData
INFO: Name on the Response==>morpheus
Oct 22, 2022 11:29:22 AM ApiTestCases.TC8_PatchRequest verifyJsonBodyData
INFO:  Job Name on the Response==>zion resident
Oct 22, 2022 11:29:22 AM ApiTestCases.TC8_PatchRequest verifyJsonBodyData
INFO:  updatedAt on the Response==>2022-10-22T05:59:25.122Z
]]></system-err>
  </testcase>
  <testcase name="ChecStatusLine" classname="ApiTestCases.TC9_Post_LoginSuccessfully" time="0.007">
    <system-err><![CDATA[Oct 22, 2022 11:29:22 AM ApiTestCases.TC9_Post_LoginSuccessfully GetUsers
INFO: TC9_PostLoginSuccessFull Test case to be executed
Oct 22, 2022 11:29:22 AM ApiTestCases.TC9_Post_LoginSuccessfully ChecStatusLine
INFO: ***CheckStatusLine*****
Oct 22, 2022 11:29:22 AM ApiTestCases.TC9_Post_LoginSuccessfully ChecStatusLine
INFO: Status Line==>HTTP/1.1 201 Created
]]></system-err>
  </testcase>
  <testcase name="CheckContentType" classname="ApiTestCases.TC9_Post_LoginSuccessfully" time="0.036">
    <system-err><![CDATA[Oct 22, 2022 11:29:22 AM ApiTestCases.TC9_Post_LoginSuccessfully CheckContentType
INFO: ***Check- Content-Type*****
Oct 22, 2022 11:29:22 AM ApiTestCases.TC9_Post_LoginSuccessfully CheckContentType
INFO: Content Type==>application/json; charset=utf-8
]]></system-err>
  </testcase>
  <testcase name="CheckResponseBody" classname="ApiTestCases.TC9_Post_LoginSuccessfully" time="0.001">
    <system-err><![CDATA[Oct 22, 2022 11:29:22 AM ApiTestCases.TC9_Post_LoginSuccessfully CheckResponseBody
INFO: ****Checking ResponseBody****
Oct 22, 2022 11:29:22 AM ApiTestCases.TC9_Post_LoginSuccessfully CheckResponseBody
INFO: Response Body==>{"password":"cityslicka","email":"eve.holt@reqres.in","id":"554","createdAt":"2022-10-22T05:59:25.626Z"}
]]></system-err>
  </testcase>
  <testcase name="CheckResponseTime" classname="ApiTestCases.TC9_Post_LoginSuccessfully" time="0.001">
    <system-err><![CDATA[Oct 22, 2022 11:29:22 AM ApiTestCases.TC9_Post_LoginSuccessfully CheckResponseTime
INFO: ***CheckResponseTime*****
Oct 22, 2022 11:29:22 AM ApiTestCases.TC9_Post_LoginSuccessfully CheckResponseTime
INFO: Response Time==>373
]]></system-err>
  </testcase>
  <testcase name="CheckServerDetails" classname="ApiTestCases.TC9_Post_LoginSuccessfully" time="0.002">
    <system-err><![CDATA[Oct 22, 2022 11:29:22 AM ApiTestCases.TC9_Post_LoginSuccessfully CheckServerDetails
INFO: ***ServerDetails*****
Oct 22, 2022 11:29:22 AM ApiTestCases.TC9_Post_LoginSuccessfully CheckServerDetails
INFO: Server Details==>cloudflare
]]></system-err>
  </testcase>
  <testcase name="CheckStatusCode" classname="ApiTestCases.TC9_Post_LoginSuccessfully" time="0">
    <system-err><![CDATA[Oct 22, 2022 11:29:22 AM ApiTestCases.TC9_Post_LoginSuccessfully CheckStatusCode
INFO: ***CheckingStatusCode*****
Oct 22, 2022 11:29:22 AM ApiTestCases.TC9_Post_LoginSuccessfully CheckStatusCode
INFO: Status Code==>201
]]></system-err>
  </testcase>
  <testcase name="verifyJsonBodyData" classname="ApiTestCases.TC9_Post_LoginSuccessfully" time="0.008">
    <system-err><![CDATA[Oct 22, 2022 11:29:22 AM ApiTestCases.TC9_Post_LoginSuccessfully verifyJsonBodyData
INFO: ** Verify the Data in Json Response*****
Oct 22, 2022 11:29:22 AM ApiTestCases.TC9_Post_LoginSuccessfully verifyJsonBodyData
INFO: TokenID on the Response==>null
]]></system-err>
  </testcase>
  <testcase name="ChecStatusLine" classname="ApiTestCases.TC10_POSTRequest_LoginUnsuccess" time="0.001">
    <system-err><![CDATA[Oct 22, 2022 11:29:22 AM ApiTestCases.TC10_POSTRequest_LoginUnsuccess GetUsers
INFO: TC9_PostLoginSuccessFull Test case to be executed
Oct 22, 2022 11:29:23 AM ApiTestCases.TC10_POSTRequest_LoginUnsuccess ChecStatusLine
INFO: ***CheckStatusLine*****
Oct 22, 2022 11:29:23 AM ApiTestCases.TC10_POSTRequest_LoginUnsuccess ChecStatusLine
INFO: Status Line==>HTTP/1.1 400 Bad Request
]]></system-err>
  </testcase>
  <testcase name="CheckContentType" classname="ApiTestCases.TC10_POSTRequest_LoginUnsuccess" time="0.001">
    <system-err><![CDATA[Oct 22, 2022 11:29:23 AM ApiTestCases.TC10_POSTRequest_LoginUnsuccess CheckContentType
INFO: ***Check- Content-Type*****
Oct 22, 2022 11:29:23 AM ApiTestCases.TC10_POSTRequest_LoginUnsuccess CheckContentType
INFO: Content Type==>application/json; charset=utf-8
]]></system-err>
  </testcase>
  <testcase name="CheckResponseBody" classname="ApiTestCases.TC10_POSTRequest_LoginUnsuccess" time="0.011">
    <system-err><![CDATA[Oct 22, 2022 11:29:23 AM ApiTestCases.TC10_POSTRequest_LoginUnsuccess CheckResponseBody
INFO: ****Checking ResponseBody****
Oct 22, 2022 11:29:23 AM ApiTestCases.TC10_POSTRequest_LoginUnsuccess CheckResponseBody
INFO: Response Body==>{"error":"Missing password"}
]]></system-err>
  </testcase>
  <testcase name="CheckResponseTime" classname="ApiTestCases.TC10_POSTRequest_LoginUnsuccess" time="0.001">
    <system-err><![CDATA[Oct 22, 2022 11:29:23 AM ApiTestCases.TC10_POSTRequest_LoginUnsuccess CheckResponseTime
INFO: ***CheckResponseTime*****
Oct 22, 2022 11:29:23 AM ApiTestCases.TC10_POSTRequest_LoginUnsuccess CheckResponseTime
INFO: Response Time==>384
]]></system-err>
  </testcase>
  <testcase name="CheckServerDetails" classname="ApiTestCases.TC10_POSTRequest_LoginUnsuccess" time="0.001">
    <system-err><![CDATA[Oct 22, 2022 11:29:23 AM ApiTestCases.TC10_POSTRequest_LoginUnsuccess CheckServerDetails
INFO: ***ServerDetails*****
Oct 22, 2022 11:29:23 AM ApiTestCases.TC10_POSTRequest_LoginUnsuccess CheckServerDetails
INFO: Server Details==>cloudflare
]]></system-err>
  </testcase>
  <testcase name="CheckStatusCode" classname="ApiTestCases.TC10_POSTRequest_LoginUnsuccess" time="0">
    <system-err><![CDATA[Oct 22, 2022 11:29:23 AM ApiTestCases.TC10_POSTRequest_LoginUnsuccess CheckStatusCode
INFO: ***CheckingStatusCode*****
Oct 22, 2022 11:29:23 AM ApiTestCases.TC10_POSTRequest_LoginUnsuccess CheckStatusCode
INFO: Status Code==>400
]]></system-err>
  </testcase>
  <testcase name="verifyJsonBodyData" classname="ApiTestCases.TC10_POSTRequest_LoginUnsuccess" time="0.011">
    <system-err><![CDATA[Oct 22, 2022 11:29:23 AM ApiTestCases.TC10_POSTRequest_LoginUnsuccess verifyJsonBodyData
INFO: ** Verify the Data in Json Response*****
Oct 22, 2022 11:29:23 AM ApiTestCases.TC10_POSTRequest_LoginUnsuccess verifyJsonBodyData
INFO: Error on the Response==>Missing password
]]></system-err>
  </testcase>
</testsuite>